TN:
SF:src/ArtGalleryToken.sol
DA:24,12
FN:24,ArtGalleryToken.constructor
FNDA:12,ArtGalleryToken.constructor
DA:30,12
DA:34,1313
FN:34,ArtGalleryToken.mint
FNDA:1313,ArtGalleryToken.mint
DA:35,1313
BRDA:35,0,0,-
DA:36,1313
DA:37,1313
DA:41,1042
FN:41,ArtGalleryToken.delegate
FNDA:1042,ArtGalleryToken.delegate
DA:42,1042
BRDA:42,1,0,1
DA:43,0
BRDA:43,2,0,-
DA:44,0
BRDA:44,3,0,-
DA:46,1041
DA:47,1041
DA:48,1041
DA:52,260
FN:52,ArtGalleryToken.rageQuit
FNDA:260,ArtGalleryToken.rageQuit
DA:53,260
DA:54,260
BRDA:54,4,0,-
DA:56,260
DA:57,260
DA:59,260
DA:60,260
DA:64,1836
FN:64,ArtGalleryToken._update
FNDA:1836,ArtGalleryToken._update
DA:65,1836
DA:69,0
FN:69,ArtGalleryToken.nonces
FNDA:0,ArtGalleryToken.nonces
DA:70,0
DA:74,0
FN:74,ArtGalleryToken.sqrt
FNDA:0,ArtGalleryToken.sqrt
DA:76,0
DA:77,0
DA:78,0
DA:79,0
DA:80,0
DA:86,0
FN:86,ArtGalleryToken.transferOwnership
FNDA:0,ArtGalleryToken.transferOwnership
DA:87,0
BRDA:87,5,0,-
DA:88,0
DA:92,260
FN:92,ArtGalleryToken.hasDelegated
FNDA:260,ArtGalleryToken.hasDelegated
DA:93,260
FNF:9
FNH:6
LF:35
LH:22
BRF:6
BRH:1
end_of_record
TN:
SF:src/Gallery.sol
DA:69,12
FN:69,GalleryCore.constructor
FNDA:12,GalleryCore.constructor
DA:70,12
DA:71,12
DA:72,12
DA:75,776
FN:75,GalleryCore.createProposal
FNDA:776,GalleryCore.createProposal
DA:80,776
BRDA:80,0,0,1
BRDA:80,0,1,775
DA:82,775
DA:83,775
DA:84,775
DA:86,775
DA:87,775
DA:88,775
DA:89,775
DA:90,775
DA:91,775
DA:92,775
DA:93,775
DA:94,775
DA:96,775
DA:99,2
FN:99,GalleryCore.confirmProposalExecution
FNDA:2,GalleryCore.confirmProposalExecution
DA:100,2
DA:101,2
DA:102,3
BRDA:102,1,0,2
DA:103,2
DA:104,2
DA:107,2
BRDA:107,2,0,-
BRDA:107,2,1,2
DA:108,2
BRDA:108,3,0,-
BRDA:108,3,1,2
DA:110,2
DA:111,2
BRDA:111,4,0,-
BRDA:111,4,1,2
DA:113,2
DA:116,263
FN:116,GalleryCore.castVoteQuadratic
FNDA:263,GalleryCore.castVoteQuadratic
DA:117,263
DA:119,263
BRDA:119,5,0,258
DA:120,258
DA:123,263
BRDA:123,6,0,-
BRDA:123,6,1,263
DA:124,263
BRDA:124,7,0,-
BRDA:124,7,1,263
DA:125,263
BRDA:125,8,0,-
BRDA:125,8,1,263
DA:127,263
DA:129,263
BRDA:129,9,0,-
BRDA:129,9,1,263
DA:131,263
DA:133,263
DA:135,263
BRDA:135,10,0,263
BRDA:135,10,1,-
DA:136,263
DA:138,0
DA:141,263
DA:143,263
DA:146,1
FN:146,GalleryCore.finalizeProposal
FNDA:1,GalleryCore.finalizeProposal
DA:147,1
DA:148,1
BRDA:148,11,0,-
BRDA:148,11,1,1
DA:149,1
BRDA:149,12,0,-
BRDA:149,12,1,1
DA:152,1
DA:153,1
DA:154,1
BRDA:154,13,0,1
BRDA:151,13,1,-
DA:155,1
DA:157,0
DA:161,1
FN:161,GalleryCore.executeProposal
FNDA:1,GalleryCore.executeProposal
DA:162,1
DA:163,1
BRDA:163,14,0,-
BRDA:163,14,1,1
DA:164,1
BRDA:164,15,0,-
BRDA:164,15,1,1
DA:165,1
BRDA:165,16,0,-
BRDA:165,16,1,1
DA:167,1
DA:169,1
DA:170,1
BRDA:170,17,0,-
BRDA:170,17,1,1
DA:172,1
DA:175,0
FN:175,GalleryCore.selectProposalRandomly
FNDA:0,GalleryCore.selectProposalRandomly
DA:176,0
DA:178,0
DA:179,0
DA:180,0
BRDA:180,18,0,-
BRDA:180,18,1,-
DA:181,0
BRDA:181,19,0,-
BRDA:181,19,1,-
DA:182,0
BRDA:182,20,0,-
BRDA:182,20,1,-
DA:183,0
DA:186,0
BRDA:186,21,0,-
BRDA:186,21,1,-
DA:188,0
DA:190,0
DA:191,0
DA:192,0
DA:193,0
BRDA:193,22,0,-
DA:194,0
DA:198,0
DA:201,520
FN:201,GalleryCore.getProposalState
FNDA:520,GalleryCore.getProposalState
DA:202,520
DA:204,520
DA:205,518
DA:206,261
DA:207,1
DA:210,514
FN:210,GalleryCore.sqrt
FNDA:514,GalleryCore.sqrt
DA:211,777
DA:213,777
DA:214,777
DA:216,28434
DA:217,27657
DA:218,27657
DA:222,1
FN:222,GalleryCore.getConfirmationsCount
FNDA:1,GalleryCore.getConfirmationsCount
DA:223,1
DA:224,1
DA:225,2
BRDA:225,27,0,2
DA:226,2
DA:229,1
FNF:10
FNH:9
LF:99
LH:81
BRF:44
BRH:20
end_of_record
